<?xml version="1.0" encoding="UTF-8"?>
<!-- Generated by org.testng.reporters.JUnitReportReporter -->
<testsuite skipped="0" hostname="LAPTOP-L8TRNUCI" name="com.utility.PropertiesUtils" tests="1" failures="0" timestamp="07 Dec 2021 09:18:03 GMT" time="0.216" errors="1">
  <testcase name="test01" time="0.216" classname="com.utility.PropertiesUtils">
    <error type="java.lang.StackOverflowError">
      <![CDATA[java.lang.StackOverflowError
at java.io.InputStream.<init>(InputStream.java:45)
at java.io.FileInputStream.<init>(FileInputStream.java:123)
at java.io.FileInputStream.<init>(FileInputStream.java:93)
at com.utility.PropertiesUtils.readProperty(PropertiesUtils.java:16)
at com.utility.PropertiesUtils.readProperty(PropertiesUtils.java:21)
at com.utility.PropertiesUtils.readProperty(PropertiesUtils.java:21)
at com.utility.PropertiesUtils.readProperty(PropertiesUtils.java:21)
at com.utility.PropertiesUtils.readProperty(PropertiesUtils.java:21)
at com.utility.PropertiesUtils.readProperty(PropertiesUtils.java:21)
at com.utility.PropertiesUtils.readProperty(PropertiesUtils.java:21)
at com.utility.PropertiesUtils.readProperty(PropertiesUtils.java:21)
at com.utility.PropertiesUtils.readProperty(PropertiesUtils.java:21)
at com.utility.PropertiesUtils.readProperty(PropertiesUtils.java:21)
at com.utility.PropertiesUtils.readProperty(PropertiesUtils.java:21)
at com.utility.PropertiesUtils.readProperty(PropertiesUtils.java:21)
at com.utility.PropertiesUtils.readProperty(PropertiesUtils.java:21)
at com.utility.PropertiesUtils.readProperty(PropertiesUtils.java:21)
at com.utility.PropertiesUtils.readProperty(PropertiesUtils.java:21)
at com.utility.PropertiesUtils.readProperty(PropertiesUtils.java:21)
at com.utility.PropertiesUtils.readProperty(PropertiesUtils.java:21)
at com.utility.PropertiesUtils.readProperty(PropertiesUtils.java:21)
at com.utility.PropertiesUtils.readProperty(PropertiesUtils.java:21)
at com.utility.PropertiesUtils.readProperty(PropertiesUtils.java:21)
at com.utility.PropertiesUtils.readProperty(PropertiesUtils.java:21)
at com.utility.PropertiesUtils.readProperty(PropertiesUtils.java:21)
at com.utility.PropertiesUtils.readProperty(PropertiesUtils.java:21)
at com.utility.PropertiesUtils.readProperty(PropertiesUtils.java:21)
at com.utility.PropertiesUtils.readProperty(PropertiesUtils.java:21)
at com.utility.PropertiesUtils.readProperty(PropertiesUtils.java:21)
at com.utility.PropertiesUtils.readProperty(PropertiesUtils.java:21)
at com.utility.PropertiesUtils.readProperty(PropertiesUtils.java:21)
at com.utility.PropertiesUtils.readProperty(PropertiesUtils.java:21)
at com.utility.PropertiesUtils.readProperty(PropertiesUtils.java:21)
at com.utility.PropertiesUtils.readProperty(PropertiesUtils.java:21)
at com.utility.PropertiesUtils.readProperty(PropertiesUtils.java:21)
at com.utility.PropertiesUtils.readProperty(PropertiesUtils.java:21)
at com.utility.PropertiesUtils.readProperty(PropertiesUtils.java:21)
at com.utility.PropertiesUtils.readProperty(PropertiesUtils.java:21)
at com.utility.PropertiesUtils.readProperty(PropertiesUtils.java:21)
at com.utility.PropertiesUtils.readProperty(PropertiesUtils.java:21)
at com.utility.PropertiesUtils.readProperty(PropertiesUtils.java:21)
at com.utility.PropertiesUtils.readProperty(PropertiesUtils.java:21)
at com.utility.PropertiesUtils.readProperty(PropertiesUtils.java:21)
at com.utility.PropertiesUtils.readProperty(PropertiesUtils.java:21)
at com.utility.PropertiesUtils.readProperty(PropertiesUtils.java:21)
at com.utility.PropertiesUtils.readProperty(PropertiesUtils.java:21)
at com.utility.PropertiesUtils.readProperty(PropertiesUtils.java:21)
at com.utility.PropertiesUtils.readProperty(PropertiesUtils.java:21)
at com.utility.PropertiesUtils.readProperty(PropertiesUtils.java:21)
at com.utility.PropertiesUtils.readProperty(PropertiesUtils.java:21)
at com.utility.PropertiesUtils.readProperty(PropertiesUtils.java:21)
at com.utility.PropertiesUtils.readProperty(PropertiesUtils.java:21)
at com.utility.PropertiesUtils.readProperty(PropertiesUtils.java:21)
at com.utility.PropertiesUtils.readProperty(PropertiesUtils.java:21)
at com.utility.PropertiesUtils.readProperty(PropertiesUtils.java:21)
at com.utility.PropertiesUtils.readProperty(PropertiesUtils.java:21)
at com.utility.PropertiesUtils.readProperty(PropertiesUtils.java:21)
at com.utility.PropertiesUtils.readProperty(PropertiesUtils.java:21)
at com.utility.PropertiesUtils.readProperty(PropertiesUtils.java:21)
at com.utility.PropertiesUtils.readProperty(PropertiesUtils.java:21)
at com.utility.PropertiesUtils.readProperty(PropertiesUtils.java:21)
at com.utility.PropertiesUtils.readProperty(PropertiesUtils.java:21)
at com.utility.PropertiesUtils.readProperty(PropertiesUtils.java:21)
at com.utility.PropertiesUtils.readProperty(PropertiesUtils.java:21)
at com.utility.PropertiesUtils.readProperty(PropertiesUtils.java:21)
at com.utility.PropertiesUtils.readProperty(PropertiesUtils.java:21)
at com.utility.PropertiesUtils.readProperty(PropertiesUtils.java:21)
at com.utility.PropertiesUtils.readProperty(PropertiesUtils.java:21)
at com.utility.PropertiesUtils.readProperty(PropertiesUtils.java:21)
at com.utility.PropertiesUtils.readProperty(PropertiesUtils.java:21)
at com.utility.PropertiesUtils.readProperty(PropertiesUtils.java:21)
at com.utility.PropertiesUtils.readProperty(PropertiesUtils.java:21)
at com.utility.PropertiesUtils.readProperty(PropertiesUtils.java:21)
at com.utility.PropertiesUtils.readProperty(PropertiesUtils.java:21)
at com.utility.PropertiesUtils.readProperty(PropertiesUtils.java:21)
at com.utility.PropertiesUtils.readProperty(PropertiesUtils.java:21)
at com.utility.PropertiesUtils.readProperty(PropertiesUtils.java:21)
at com.utility.PropertiesUtils.readProperty(PropertiesUtils.java:21)
at com.utility.PropertiesUtils.readProperty(PropertiesUtils.java:21)
at com.utility.PropertiesUtils.readProperty(PropertiesUtils.java:21)
at com.utility.PropertiesUtils.readProperty(PropertiesUtils.java:21)
at com.utility.PropertiesUtils.readProperty(PropertiesUtils.java:21)
at com.utility.PropertiesUtils.readProperty(PropertiesUtils.java:21)
at com.utility.PropertiesUtils.readProperty(PropertiesUtils.java:21)
at com.utility.PropertiesUtils.readProperty(PropertiesUtils.java:21)
at com.utility.PropertiesUtils.readProperty(PropertiesUtils.java:21)
at com.utility.PropertiesUtils.readProperty(PropertiesUtils.java:21)
at com.utility.PropertiesUtils.readProperty(PropertiesUtils.java:21)
at com.utility.PropertiesUtils.readProperty(PropertiesUtils.java:21)
at com.utility.PropertiesUtils.readProperty(PropertiesUtils.java:21)
at com.utility.PropertiesUtils.readProperty(PropertiesUtils.java:21)
at com.utility.PropertiesUtils.readProperty(PropertiesUtils.java:21)
at com.utility.PropertiesUtils.readProperty(PropertiesUtils.java:21)
at com.utility.PropertiesUtils.readProperty(PropertiesUtils.java:21)
at com.utility.PropertiesUtils.readProperty(PropertiesUtils.java:21)
at com.utility.PropertiesUtils.readProperty(PropertiesUtils.java:21)
at com.utility.PropertiesUtils.readProperty(PropertiesUtils.java:21)
at com.utility.PropertiesUtils.readProperty(PropertiesUtils.java:21)
at com.utility.PropertiesUtils.readProperty(PropertiesUtils.java:21)
at com.utility.PropertiesUtils.readProperty(PropertiesUtils.java:21)
at com.utility.PropertiesUtils.readProperty(PropertiesUtils.java:21)
at com.utility.PropertiesUtils.readProperty(PropertiesUtils.java:21)
at com.utility.PropertiesUtils.readProperty(PropertiesUtils.java:21)
at com.utility.PropertiesUtils.readProperty(PropertiesUtils.java:21)
at com.utility.PropertiesUtils.readProperty(PropertiesUtils.java:21)
at com.utility.PropertiesUtils.readProperty(PropertiesUtils.java:21)
at com.utility.PropertiesUtils.readProperty(PropertiesUtils.java:21)
at com.utility.PropertiesUtils.readProperty(PropertiesUtils.java:21)
at com.utility.PropertiesUtils.readProperty(PropertiesUtils.java:21)
at com.utility.PropertiesUtils.readProperty(PropertiesUtils.java:21)
at com.utility.PropertiesUtils.readProperty(PropertiesUtils.java:21)
at com.utility.PropertiesUtils.readProperty(PropertiesUtils.java:21)
at com.utility.PropertiesUtils.readProperty(PropertiesUtils.java:21)
at com.utility.PropertiesUtils.readProperty(PropertiesUtils.java:21)
at com.utility.PropertiesUtils.readProperty(PropertiesUtils.java:21)
at com.utility.PropertiesUtils.readProperty(PropertiesUtils.java:21)
at com.utility.PropertiesUtils.readProperty(PropertiesUtils.java:21)
at com.utility.PropertiesUtils.readProperty(PropertiesUtils.java:21)
at com.utility.PropertiesUtils.readProperty(PropertiesUtils.java:21)
at com.utility.PropertiesUtils.readProperty(PropertiesUtils.java:21)
at com.utility.PropertiesUtils.readProperty(PropertiesUtils.java:21)
at com.utility.PropertiesUtils.readProperty(PropertiesUtils.java:21)
at com.utility.PropertiesUtils.readProperty(PropertiesUtils.java:21)
at com.utility.PropertiesUtils.readProperty(PropertiesUtils.java:21)
at com.utility.PropertiesUtils.readProperty(PropertiesUtils.java:21)
at com.utility.PropertiesUtils.readProperty(PropertiesUtils.java:21)
at com.utility.PropertiesUtils.readProperty(PropertiesUtils.java:21)
at com.utility.PropertiesUtils.readProperty(PropertiesUtils.java:21)
at com.utility.PropertiesUtils.readProperty(PropertiesUtils.java:21)
at com.utility.PropertiesUtils.readProperty(PropertiesUtils.java:21)
at com.utility.PropertiesUtils.readProperty(PropertiesUtils.java:21)
at com.utility.PropertiesUtils.readProperty(PropertiesUtils.java:21)
at com.utility.PropertiesUtils.readProperty(PropertiesUtils.java:21)
at com.utility.PropertiesUtils.readProperty(PropertiesUtils.java:21)
at com.utility.PropertiesUtils.readProperty(PropertiesUtils.java:21)
at com.utility.PropertiesUtils.readProperty(PropertiesUtils.java:21)
at com.utility.PropertiesUtils.readProperty(PropertiesUtils.java:21)
at com.utility.PropertiesUtils.readProperty(PropertiesUtils.java:21)
at com.utility.PropertiesUtils.readProperty(PropertiesUtils.java:21)
at com.utility.PropertiesUtils.readProperty(PropertiesUtils.java:21)
at com.utility.PropertiesUtils.readProperty(PropertiesUtils.java:21)
at com.utility.PropertiesUtils.readProperty(PropertiesUtils.java:21)
at com.utility.PropertiesUtils.readProperty(PropertiesUtils.java:21)
at com.utility.PropertiesUtils.readProperty(PropertiesUtils.java:21)
at com.utility.PropertiesUtils.readProperty(PropertiesUtils.java:21)
at com.utility.PropertiesUtils.readProperty(PropertiesUtils.java:21)
at com.utility.PropertiesUtils.readProperty(PropertiesUtils.java:21)
at com.utility.PropertiesUtils.readProperty(PropertiesUtils.java:21)
at com.utility.PropertiesUtils.readProperty(PropertiesUtils.java:21)
at com.utility.PropertiesUtils.readProperty(PropertiesUtils.java:21)
at com.utility.PropertiesUtils.readProperty(PropertiesUtils.java:21)
at com.utility.PropertiesUtils.readProperty(PropertiesUtils.java:21)
at com.utility.PropertiesUtils.readProperty(PropertiesUtils.java:21)
at com.utility.PropertiesUtils.readProperty(PropertiesUtils.java:21)
at com.utility.PropertiesUtils.readProperty(PropertiesUtils.java:21)
at com.utility.PropertiesUtils.readProperty(PropertiesUtils.java:21)
at com.utility.PropertiesUtils.readProperty(PropertiesUtils.java:21)
at com.utility.PropertiesUtils.readProperty(PropertiesUtils.java:21)
at com.utility.PropertiesUtils.readProperty(PropertiesUtils.java:21)
at com.utility.PropertiesUtils.readProperty(PropertiesUtils.java:21)
at com.utility.PropertiesUtils.readProperty(PropertiesUtils.java:21)
at com.utility.PropertiesUtils.readProperty(PropertiesUtils.java:21)
at com.utility.PropertiesUtils.readProperty(PropertiesUtils.java:21)
at com.utility.PropertiesUtils.readProperty(PropertiesUtils.java:21)
at com.utility.PropertiesUtils.readProperty(PropertiesUtils.java:21)
at com.utility.PropertiesUtils.readProperty(PropertiesUtils.java:21)
at com.utility.PropertiesUtils.readProperty(PropertiesUtils.java:21)
at com.utility.PropertiesUtils.readProperty(PropertiesUtils.java:21)
at com.utility.PropertiesUtils.readProperty(PropertiesUtils.java:21)
at com.utility.PropertiesUtils.readProperty(PropertiesUtils.java:21)
at com.utility.PropertiesUtils.readProperty(PropertiesUtils.java:21)
at com.utility.PropertiesUtils.readProperty(PropertiesUtils.java:21)
at com.utility.PropertiesUtils.readProperty(PropertiesUtils.java:21)
at com.utility.PropertiesUtils.readProperty(PropertiesUtils.java:21)
at com.utility.PropertiesUtils.readProperty(PropertiesUtils.java:21)
at com.utility.PropertiesUtils.readProperty(PropertiesUtils.java:21)
at com.utility.PropertiesUtils.readProperty(PropertiesUtils.java:21)
at com.utility.PropertiesUtils.readProperty(PropertiesUtils.java:21)
at com.utility.PropertiesUtils.readProperty(PropertiesUtils.java:21)
at com.utility.PropertiesUtils.readProperty(PropertiesUtils.java:21)
at com.utility.PropertiesUtils.readProperty(PropertiesUtils.java:21)
at com.utility.PropertiesUtils.readProperty(PropertiesUtils.java:21)
at com.utility.PropertiesUtils.readProperty(PropertiesUtils.java:21)
at com.utility.PropertiesUtils.readProperty(PropertiesUtils.java:21)
at com.utility.PropertiesUtils.readProperty(PropertiesUtils.java:21)
at com.utility.PropertiesUtils.readProperty(PropertiesUtils.java:21)
at com.utility.PropertiesUtils.readProperty(PropertiesUtils.java:21)
at com.utility.PropertiesUtils.readProperty(PropertiesUtils.java:21)
at com.utility.PropertiesUtils.readProperty(PropertiesUtils.java:21)
at com.utility.PropertiesUtils.readProperty(PropertiesUtils.java:21)
at com.utility.PropertiesUtils.readProperty(PropertiesUtils.java:21)
at com.utility.PropertiesUtils.readProperty(PropertiesUtils.java:21)
at com.utility.PropertiesUtils.readProperty(PropertiesUtils.java:21)
at com.utility.PropertiesUtils.readProperty(PropertiesUtils.java:21)
at com.utility.PropertiesUtils.readProperty(PropertiesUtils.java:21)
at com.utility.PropertiesUtils.readProperty(PropertiesUtils.java:21)
at com.utility.PropertiesUtils.readProperty(PropertiesUtils.java:21)
at com.utility.PropertiesUtils.readProperty(PropertiesUtils.java:21)
at com.utility.PropertiesUtils.readProperty(PropertiesUtils.java:21)
at com.utility.PropertiesUtils.readProperty(PropertiesUtils.java:21)
at com.utility.PropertiesUtils.readProperty(PropertiesUtils.java:21)
at com.utility.PropertiesUtils.readProperty(PropertiesUtils.java:21)
at com.utility.PropertiesUtils.readProperty(PropertiesUtils.java:21)
at com.utility.PropertiesUtils.readProperty(PropertiesUtils.java:21)
at com.utility.PropertiesUtils.readProperty(PropertiesUtils.java:21)
at com.utility.PropertiesUtils.readProperty(PropertiesUtils.java:21)
at com.utility.PropertiesUtils.readProperty(PropertiesUtils.java:21)
at com.utility.PropertiesUtils.readProperty(PropertiesUtils.java:21)
at com.utility.PropertiesUtils.readProperty(PropertiesUtils.java:21)
at com.utility.PropertiesUtils.readProperty(PropertiesUtils.java:21)
at com.utility.PropertiesUtils.readProperty(PropertiesUtils.java:21)
at com.utility.PropertiesUtils.readProperty(PropertiesUtils.java:21)
at com.utility.PropertiesUtils.readProperty(PropertiesUtils.java:21)
at com.utility.PropertiesUtils.readProperty(PropertiesUtils.java:21)
at com.utility.PropertiesUtils.readProperty(PropertiesUtils.java:21)
at com.utility.PropertiesUtils.readProperty(PropertiesUtils.java:21)
at com.utility.PropertiesUtils.readProperty(PropertiesUtils.java:21)
at com.utility.PropertiesUtils.readProperty(PropertiesUtils.java:21)
at com.utility.PropertiesUtils.readProperty(PropertiesUtils.java:21)
at com.utility.PropertiesUtils.readProperty(PropertiesUtils.java:21)
at com.utility.PropertiesUtils.readProperty(PropertiesUtils.java:21)
at com.utility.PropertiesUtils.readProperty(PropertiesUtils.java:21)
at com.utility.PropertiesUtils.readProperty(PropertiesUtils.java:21)
at com.utility.PropertiesUtils.readProperty(PropertiesUtils.java:21)
at com.utility.PropertiesUtils.readProperty(PropertiesUtils.java:21)
at com.utility.PropertiesUtils.readProperty(PropertiesUtils.java:21)
at com.utility.PropertiesUtils.readProperty(PropertiesUtils.java:21)
at com.utility.PropertiesUtils.readProperty(PropertiesUtils.java:21)
at com.utility.PropertiesUtils.readProperty(PropertiesUtils.java:21)
at com.utility.PropertiesUtils.readProperty(PropertiesUtils.java:21)
at com.utility.PropertiesUtils.readProperty(PropertiesUtils.java:21)
at com.utility.PropertiesUtils.readProperty(PropertiesUtils.java:21)
at com.utility.PropertiesUtils.readProperty(PropertiesUtils.java:21)
at com.utility.PropertiesUtils.readProperty(PropertiesUtils.java:21)
at com.utility.PropertiesUtils.readProperty(PropertiesUtils.java:21)
at com.utility.PropertiesUtils.readProperty(PropertiesUtils.java:21)
at com.utility.PropertiesUtils.readProperty(PropertiesUtils.java:21)
at com.utility.PropertiesUtils.readProperty(PropertiesUtils.java:21)
at com.utility.PropertiesUtils.readProperty(PropertiesUtils.java:21)
at com.utility.PropertiesUtils.readProperty(PropertiesUtils.java:21)
at com.utility.PropertiesUtils.readProperty(PropertiesUtils.java:21)
at com.utility.PropertiesUtils.readProperty(PropertiesUtils.java:21)
at com.utility.PropertiesUtils.readProperty(PropertiesUtils.java:21)
at com.utility.PropertiesUtils.readProperty(PropertiesUtils.java:21)
at com.utility.PropertiesUtils.readProperty(PropertiesUtils.java:21)
at com.utility.PropertiesUtils.readProperty(PropertiesUtils.java:21)
at com.utility.PropertiesUtils.readProperty(PropertiesUtils.java:21)
at com.utility.PropertiesUtils.readProperty(PropertiesUtils.java:21)
at com.utility.PropertiesUtils.readProperty(PropertiesUtils.java:21)
at com.utility.PropertiesUtils.readProperty(PropertiesUtils.java:21)
at com.utility.PropertiesUtils.readProperty(PropertiesUtils.java:21)
at com.utility.PropertiesUtils.readProperty(PropertiesUtils.java:21)
at com.utility.PropertiesUtils.readProperty(PropertiesUtils.java:21)
at com.utility.PropertiesUtils.readProperty(PropertiesUtils.java:21)
at com.utility.PropertiesUtils.readProperty(PropertiesUtils.java:21)
at com.utility.PropertiesUtils.readProperty(PropertiesUtils.java:21)
at com.utility.PropertiesUtils.readProperty(PropertiesUtils.java:21)
at com.utility.PropertiesUtils.readProperty(PropertiesUtils.java:21)
at com.utility.PropertiesUtils.readProperty(PropertiesUtils.java:21)
at com.utility.PropertiesUtils.readProperty(PropertiesUtils.java:21)
at com.utility.PropertiesUtils.readProperty(PropertiesUtils.java:21)
at com.utility.PropertiesUtils.readProperty(PropertiesUtils.java:21)
at com.utility.PropertiesUtils.readProperty(PropertiesUtils.java:21)
at com.utility.PropertiesUtils.readProperty(PropertiesUtils.java:21)
at com.utility.PropertiesUtils.readProperty(PropertiesUtils.java:21)
at com.utility.PropertiesUtils.readProperty(PropertiesUtils.java:21)
at com.utility.PropertiesUtils.readProperty(PropertiesUtils.java:21)
at com.utility.PropertiesUtils.readProperty(PropertiesUtils.java:21)
at com.utility.PropertiesUtils.readProperty(PropertiesUtils.java:21)
at com.utility.PropertiesUtils.readProperty(PropertiesUtils.java:21)
at com.utility.PropertiesUtils.readProperty(PropertiesUtils.java:21)
at com.utility.PropertiesUtils.readProperty(PropertiesUtils.java:21)
at com.utility.PropertiesUtils.readProperty(PropertiesUtils.java:21)
at com.utility.PropertiesUtils.readProperty(PropertiesUtils.java:21)
at com.utility.PropertiesUtils.readProperty(PropertiesUtils.java:21)
at com.utility.PropertiesUtils.readProperty(PropertiesUtils.java:21)
at com.utility.PropertiesUtils.readProperty(PropertiesUtils.java:21)
at com.utility.PropertiesUtils.readProperty(PropertiesUtils.java:21)
at com.utility.PropertiesUtils.readProperty(PropertiesUtils.java:21)
at com.utility.PropertiesUtils.readProperty(PropertiesUtils.java:21)
at com.utility.PropertiesUtils.readProperty(PropertiesUtils.java:21)
at com.utility.PropertiesUtils.readProperty(PropertiesUtils.java:21)
at com.utility.PropertiesUtils.readProperty(PropertiesUtils.java:21)
at com.utility.PropertiesUtils.readProperty(PropertiesUtils.java:21)
at com.utility.PropertiesUtils.readProperty(PropertiesUtils.java:21)
at com.utility.PropertiesUtils.readProperty(PropertiesUtils.java:21)
at com.utility.PropertiesUtils.readProperty(PropertiesUtils.java:21)
at com.utility.PropertiesUtils.readProperty(PropertiesUtils.java:21)
at com.utility.PropertiesUtils.readProperty(PropertiesUtils.java:21)
at com.utility.PropertiesUtils.readProperty(PropertiesUtils.java:21)
at com.utility.PropertiesUtils.readProperty(PropertiesUtils.java:21)
at com.utility.PropertiesUtils.readProperty(PropertiesUtils.java:21)
at com.utility.PropertiesUtils.readProperty(PropertiesUtils.java:21)
at com.utility.PropertiesUtils.readProperty(PropertiesUtils.java:21)
at com.utility.PropertiesUtils.readProperty(PropertiesUtils.java:21)
at com.utility.PropertiesUtils.readProperty(PropertiesUtils.java:21)
at com.utility.PropertiesUtils.readProperty(PropertiesUtils.java:21)
at com.utility.PropertiesUtils.readProperty(PropertiesUtils.java:21)
at com.utility.PropertiesUtils.readProperty(PropertiesUtils.java:21)
at com.utility.PropertiesUtils.readProperty(PropertiesUtils.java:21)
at com.utility.PropertiesUtils.readProperty(PropertiesUtils.java:21)
at com.utility.PropertiesUtils.readProperty(PropertiesUtils.java:21)
at com.utility.PropertiesUtils.readProperty(PropertiesUtils.java:21)
at com.utility.PropertiesUtils.readProperty(PropertiesUtils.java:21)
at com.utility.PropertiesUtils.readProperty(PropertiesUtils.java:21)
at com.utility.PropertiesUtils.readProperty(PropertiesUtils.java:21)
at com.utility.PropertiesUtils.readProperty(PropertiesUtils.java:21)
at com.utility.PropertiesUtils.readProperty(PropertiesUtils.java:21)
at com.utility.PropertiesUtils.readProperty(PropertiesUtils.java:21)
at com.utility.PropertiesUtils.readProperty(PropertiesUtils.java:21)
at com.utility.PropertiesUtils.readProperty(PropertiesUtils.java:21)
at com.utility.PropertiesUtils.readProperty(PropertiesUtils.java:21)
at com.utility.PropertiesUtils.readProperty(PropertiesUtils.java:21)
at com.utility.PropertiesUtils.readProperty(PropertiesUtils.java:21)
at com.utility.PropertiesUtils.readProperty(PropertiesUtils.java:21)
at com.utility.PropertiesUtils.readProperty(PropertiesUtils.java:21)
at com.utility.PropertiesUtils.readProperty(PropertiesUtils.java:21)
at com.utility.PropertiesUtils.readProperty(PropertiesUtils.java:21)
at com.utility.PropertiesUtils.readProperty(PropertiesUtils.java:21)
at com.utility.PropertiesUtils.readProperty(PropertiesUtils.java:21)
at com.utility.PropertiesUtils.readProperty(PropertiesUtils.java:21)
at com.utility.PropertiesUtils.readProperty(PropertiesUtils.java:21)
at com.utility.PropertiesUtils.readProperty(PropertiesUtils.java:21)
at com.utility.PropertiesUtils.readProperty(PropertiesUtils.java:21)
at com.utility.PropertiesUtils.readProperty(PropertiesUtils.java:21)
at com.utility.PropertiesUtils.readProperty(PropertiesUtils.java:21)
at com.utility.PropertiesUtils.readProperty(PropertiesUtils.java:21)
at com.utility.PropertiesUtils.readProperty(PropertiesUtils.java:21)
at com.utility.PropertiesUtils.readProperty(PropertiesUtils.java:21)
at com.utility.PropertiesUtils.readProperty(PropertiesUtils.java:21)
at com.utility.PropertiesUtils.readProperty(PropertiesUtils.java:21)
at com.utility.PropertiesUtils.readProperty(PropertiesUtils.java:21)
at com.utility.PropertiesUtils.readProperty(PropertiesUtils.java:21)
at com.utility.PropertiesUtils.readProperty(PropertiesUtils.java:21)
at com.utility.PropertiesUtils.readProperty(PropertiesUtils.java:21)
at com.utility.PropertiesUtils.readProperty(PropertiesUtils.java:21)
at com.utility.PropertiesUtils.readProperty(PropertiesUtils.java:21)
at com.utility.PropertiesUtils.readProperty(PropertiesUtils.java:21)
at com.utility.PropertiesUtils.readProperty(PropertiesUtils.java:21)
at com.utility.PropertiesUtils.readProperty(PropertiesUtils.java:21)
at com.utility.PropertiesUtils.readProperty(PropertiesUtils.java:21)
at com.utility.PropertiesUtils.readProperty(PropertiesUtils.java:21)
at com.utility.PropertiesUtils.readProperty(PropertiesUtils.java:21)
at com.utility.PropertiesUtils.readProperty(PropertiesUtils.java:21)
at com.utility.PropertiesUtils.readProperty(PropertiesUtils.java:21)
at com.utility.PropertiesUtils.readProperty(PropertiesUtils.java:21)
at com.utility.PropertiesUtils.readProperty(PropertiesUtils.java:21)
at com.utility.PropertiesUtils.readProperty(PropertiesUtils.java:21)
at com.utility.PropertiesUtils.readProperty(PropertiesUtils.java:21)
at com.utility.PropertiesUtils.readProperty(PropertiesUtils.java:21)
at com.utility.PropertiesUtils.readProperty(PropertiesUtils.java:21)
at com.utility.PropertiesUtils.readProperty(PropertiesUtils.java:21)
at com.utility.PropertiesUtils.readProperty(PropertiesUtils.java:21)
at com.utility.PropertiesUtils.readProperty(PropertiesUtils.java:21)
at com.utility.PropertiesUtils.readProperty(PropertiesUtils.java:21)
at com.utility.PropertiesUtils.readProperty(PropertiesUtils.java:21)
at com.utility.PropertiesUtils.readProperty(PropertiesUtils.java:21)
at com.utility.PropertiesUtils.readProperty(PropertiesUtils.java:21)
at com.utility.PropertiesUtils.readProperty(PropertiesUtils.java:21)
at com.utility.PropertiesUtils.readProperty(PropertiesUtils.java:21)
at com.utility.PropertiesUtils.readProperty(PropertiesUtils.java:21)
at com.utility.PropertiesUtils.readProperty(PropertiesUtils.java:21)
at com.utility.PropertiesUtils.readProperty(PropertiesUtils.java:21)
at com.utility.PropertiesUtils.readProperty(PropertiesUtils.java:21)
at com.utility.PropertiesUtils.readProperty(PropertiesUtils.java:21)
at com.utility.PropertiesUtils.readProperty(PropertiesUtils.java:21)
at com.utility.PropertiesUtils.readProperty(PropertiesUtils.java:21)
at com.utility.PropertiesUtils.readProperty(PropertiesUtils.java:21)
at com.utility.PropertiesUtils.readProperty(PropertiesUtils.java:21)
at com.utility.PropertiesUtils.readProperty(PropertiesUtils.java:21)
at com.utility.PropertiesUtils.readProperty(PropertiesUtils.java:21)
at com.utility.PropertiesUtils.readProperty(PropertiesUtils.java:21)
at com.utility.PropertiesUtils.readProperty(PropertiesUtils.java:21)
at com.utility.PropertiesUtils.readProperty(PropertiesUtils.java:21)
at com.utility.PropertiesUtils.readProperty(PropertiesUtils.java:21)
at com.utility.PropertiesUtils.readProperty(PropertiesUtils.java:21)
at com.utility.PropertiesUtils.readProperty(PropertiesUtils.java:21)
at com.utility.PropertiesUtils.readProperty(PropertiesUtils.java:21)
at com.utility.PropertiesUtils.readProperty(PropertiesUtils.java:21)
at com.utility.PropertiesUtils.readProperty(PropertiesUtils.java:21)
at com.utility.PropertiesUtils.readProperty(PropertiesUtils.java:21)
at com.utility.PropertiesUtils.readProperty(PropertiesUtils.java:21)
at com.utility.PropertiesUtils.readProperty(PropertiesUtils.java:21)
at com.utility.PropertiesUtils.readProperty(PropertiesUtils.java:21)
at com.utility.PropertiesUtils.readProperty(PropertiesUtils.java:21)
at com.utility.PropertiesUtils.readProperty(PropertiesUtils.java:21)
at com.utility.PropertiesUtils.readProperty(PropertiesUtils.java:21)
at com.utility.PropertiesUtils.readProperty(PropertiesUtils.java:21)
at com.utility.PropertiesUtils.readProperty(PropertiesUtils.java:21)
at com.utility.PropertiesUtils.readProperty(PropertiesUtils.java:21)
at com.utility.PropertiesUtils.readProperty(PropertiesUtils.java:21)
at com.utility.PropertiesUtils.readProperty(PropertiesUtils.java:21)
at com.utility.PropertiesUtils.readProperty(PropertiesUtils.java:21)
at com.utility.PropertiesUtils.readProperty(PropertiesUtils.java:21)
at com.utility.PropertiesUtils.readProperty(PropertiesUtils.java:21)
at com.utility.PropertiesUtils.readProperty(PropertiesUtils.java:21)
at com.utility.PropertiesUtils.readProperty(PropertiesUtils.java:21)
at com.utility.PropertiesUtils.readProperty(PropertiesUtils.java:21)
at com.utility.PropertiesUtils.readProperty(PropertiesUtils.java:21)
at com.utility.PropertiesUtils.readProperty(PropertiesUtils.java:21)
at com.utility.PropertiesUtils.readProperty(PropertiesUtils.java:21)
at com.utility.PropertiesUtils.readProperty(PropertiesUtils.java:21)
at com.utility.PropertiesUtils.readProperty(PropertiesUtils.java:21)
at com.utility.PropertiesUtils.readProperty(PropertiesUtils.java:21)
at com.utility.PropertiesUtils.readProperty(PropertiesUtils.java:21)
at com.utility.PropertiesUtils.readProperty(PropertiesUtils.java:21)
at com.utility.PropertiesUtils.readProperty(PropertiesUtils.java:21)
at com.utility.PropertiesUtils.readProperty(PropertiesUtils.java:21)
at com.utility.PropertiesUtils.readProperty(PropertiesUtils.java:21)
at com.utility.PropertiesUtils.readProperty(PropertiesUtils.java:21)
at com.utility.PropertiesUtils.readProperty(PropertiesUtils.java:21)
at com.utility.PropertiesUtils.readProperty(PropertiesUtils.java:21)
at com.utility.PropertiesUtils.readProperty(PropertiesUtils.java:21)
at com.utility.PropertiesUtils.readProperty(PropertiesUtils.java:21)
at com.utility.PropertiesUtils.readProperty(PropertiesUtils.java:21)
at com.utility.PropertiesUtils.readProperty(PropertiesUtils.java:21)
at com.utility.PropertiesUtils.readProperty(PropertiesUtils.java:21)
at com.utility.PropertiesUtils.readProperty(PropertiesUtils.java:21)
at com.utility.PropertiesUtils.readProperty(PropertiesUtils.java:21)
at com.utility.PropertiesUtils.readProperty(PropertiesUtils.java:21)
at com.utility.PropertiesUtils.readProperty(PropertiesUtils.java:21)
at com.utility.PropertiesUtils.readProperty(PropertiesUtils.java:21)
at com.utility.PropertiesUtils.readProperty(PropertiesUtils.java:21)
at com.utility.PropertiesUtils.readProperty(PropertiesUtils.java:21)
at com.utility.PropertiesUtils.readProperty(PropertiesUtils.java:21)
at com.utility.PropertiesUtils.readProperty(PropertiesUtils.java:21)
at com.utility.PropertiesUtils.readProperty(PropertiesUtils.java:21)
at com.utility.PropertiesUtils.readProperty(PropertiesUtils.java:21)
at com.utility.PropertiesUtils.readProperty(PropertiesUtils.java:21)
at com.utility.PropertiesUtils.readProperty(PropertiesUtils.java:21)
at com.utility.PropertiesUtils.readProperty(PropertiesUtils.java:21)
at com.utility.PropertiesUtils.readProperty(PropertiesUtils.java:21)
at com.utility.PropertiesUtils.readProperty(PropertiesUtils.java:21)
at com.utility.PropertiesUtils.readProperty(PropertiesUtils.java:21)
at com.utility.PropertiesUtils.readProperty(PropertiesUtils.java:21)
at com.utility.PropertiesUtils.readProperty(PropertiesUtils.java:21)
at com.utility.PropertiesUtils.readProperty(PropertiesUtils.java:21)
at com.utility.PropertiesUtils.readProperty(PropertiesUtils.java:21)
at com.utility.PropertiesUtils.readProperty(PropertiesUtils.java:21)
at com.utility.PropertiesUtils.readProperty(PropertiesUtils.java:21)
at com.utility.PropertiesUtils.readProperty(PropertiesUtils.java:21)
at com.utility.PropertiesUtils.readProperty(PropertiesUtils.java:21)
at com.utility.PropertiesUtils.readProperty(PropertiesUtils.java:21)
at com.utility.PropertiesUtils.readProperty(PropertiesUtils.java:21)
at com.utility.PropertiesUtils.readProperty(PropertiesUtils.java:21)
at com.utility.PropertiesUtils.readProperty(PropertiesUtils.java:21)
at com.utility.PropertiesUtils.readProperty(PropertiesUtils.java:21)
at com.utility.PropertiesUtils.readProperty(PropertiesUtils.java:21)
at com.utility.PropertiesUtils.readProperty(PropertiesUtils.java:21)
at com.utility.PropertiesUtils.readProperty(PropertiesUtils.java:21)
at com.utility.PropertiesUtils.readProperty(PropertiesUtils.java:21)
at com.utility.PropertiesUtils.readProperty(PropertiesUtils.java:21)
at com.utility.PropertiesUtils.readProperty(PropertiesUtils.java:21)
at com.utility.PropertiesUtils.readProperty(PropertiesUtils.java:21)
at com.utility.PropertiesUtils.readProperty(PropertiesUtils.java:21)
at com.utility.PropertiesUtils.readProperty(PropertiesUtils.java:21)
at com.utility.PropertiesUtils.readProperty(PropertiesUtils.java:21)
at com.utility.PropertiesUtils.readProperty(PropertiesUtils.java:21)
at com.utility.PropertiesUtils.readProperty(PropertiesUtils.java:21)
at com.utility.PropertiesUtils.readProperty(PropertiesUtils.java:21)
at com.utility.PropertiesUtils.readProperty(PropertiesUtils.java:21)
at com.utility.PropertiesUtils.readProperty(PropertiesUtils.java:21)
at com.utility.PropertiesUtils.readProperty(PropertiesUtils.java:21)
at com.utility.PropertiesUtils.readProperty(PropertiesUtils.java:21)
at com.utility.PropertiesUtils.readProperty(PropertiesUtils.java:21)
at com.utility.PropertiesUtils.readProperty(PropertiesUtils.java:21)
at com.utility.PropertiesUtils.readProperty(PropertiesUtils.java:21)
at com.utility.PropertiesUtils.readProperty(PropertiesUtils.java:21)
at com.utility.PropertiesUtils.readProperty(PropertiesUtils.java:21)
at com.utility.PropertiesUtils.readProperty(PropertiesUtils.java:21)
at com.utility.PropertiesUtils.readProperty(PropertiesUtils.java:21)
at com.utility.PropertiesUtils.readProperty(PropertiesUtils.java:21)
at com.utility.PropertiesUtils.readProperty(PropertiesUtils.java:21)
at com.utility.PropertiesUtils.readProperty(PropertiesUtils.java:21)
at com.utility.PropertiesUtils.readProperty(PropertiesUtils.java:21)
at com.utility.PropertiesUtils.readProperty(PropertiesUtils.java:21)
at com.utility.PropertiesUtils.readProperty(PropertiesUtils.java:21)
at com.utility.PropertiesUtils.readProperty(PropertiesUtils.java:21)
at com.utility.PropertiesUtils.readProperty(PropertiesUtils.java:21)
at com.utility.PropertiesUtils.readProperty(PropertiesUtils.java:21)
at com.utility.PropertiesUtils.readProperty(PropertiesUtils.java:21)
at com.utility.PropertiesUtils.readProperty(PropertiesUtils.java:21)
at com.utility.PropertiesUtils.readProperty(PropertiesUtils.java:21)
at com.utility.PropertiesUtils.readProperty(PropertiesUtils.java:21)
at com.utility.PropertiesUtils.readProperty(PropertiesUtils.java:21)
at com.utility.PropertiesUtils.readProperty(PropertiesUtils.java:21)
at com.utility.PropertiesUtils.readProperty(PropertiesUtils.java:21)
at com.utility.PropertiesUtils.readProperty(PropertiesUtils.java:21)
at com.utility.PropertiesUtils.readProperty(PropertiesUtils.java:21)
at com.utility.PropertiesUtils.readProperty(PropertiesUtils.java:21)
at com.utility.PropertiesUtils.readProperty(PropertiesUtils.java:21)
at com.utility.PropertiesUtils.readProperty(PropertiesUtils.java:21)
at com.utility.PropertiesUtils.readProperty(PropertiesUtils.java:21)
at com.utility.PropertiesUtils.readProperty(PropertiesUtils.java:21)
at com.utility.PropertiesUtils.readProperty(PropertiesUtils.java:21)
at com.utility.PropertiesUtils.readProperty(PropertiesUtils.java:21)
at com.utility.PropertiesUtils.readProperty(PropertiesUtils.java:21)
at com.utility.PropertiesUtils.readProperty(PropertiesUtils.java:21)
at com.utility.PropertiesUtils.readProperty(PropertiesUtils.java:21)
at com.utility.PropertiesUtils.readProperty(PropertiesUtils.java:21)
at com.utility.PropertiesUtils.readProperty(PropertiesUtils.java:21)
at com.utility.PropertiesUtils.readProperty(PropertiesUtils.java:21)
at com.utility.PropertiesUtils.readProperty(PropertiesUtils.java:21)
at com.utility.PropertiesUtils.readProperty(PropertiesUtils.java:21)
at com.utility.PropertiesUtils.readProperty(PropertiesUtils.java:21)
at com.utility.PropertiesUtils.readProperty(PropertiesUtils.java:21)
at com.utility.PropertiesUtils.readProperty(PropertiesUtils.java:21)
at com.utility.PropertiesUtils.readProperty(PropertiesUtils.java:21)
at com.utility.PropertiesUtils.readProperty(PropertiesUtils.java:21)
at com.utility.PropertiesUtils.readProperty(PropertiesUtils.java:21)
at com.utility.PropertiesUtils.readProperty(PropertiesUtils.java:21)
at com.utility.PropertiesUtils.readProperty(PropertiesUtils.java:21)
at com.utility.PropertiesUtils.readProperty(PropertiesUtils.java:21)
at com.utility.PropertiesUtils.readProperty(PropertiesUtils.java:21)
at com.utility.PropertiesUtils.readProperty(PropertiesUtils.java:21)
at com.utility.PropertiesUtils.readProperty(PropertiesUtils.java:21)
at com.utility.PropertiesUtils.readProperty(PropertiesUtils.java:21)
at com.utility.PropertiesUtils.readProperty(PropertiesUtils.java:21)
at com.utility.PropertiesUtils.readProperty(PropertiesUtils.java:21)
at com.utility.PropertiesUtils.readProperty(PropertiesUtils.java:21)
at com.utility.PropertiesUtils.readProperty(PropertiesUtils.java:21)
at com.utility.PropertiesUtils.readProperty(PropertiesUtils.java:21)
at com.utility.PropertiesUtils.readProperty(PropertiesUtils.java:21)
at com.utility.PropertiesUtils.readProperty(PropertiesUtils.java:21)
at com.utility.PropertiesUtils.readProperty(PropertiesUtils.java:21)
at com.utility.PropertiesUtils.readProperty(PropertiesUtils.java:21)
at com.utility.PropertiesUtils.readProperty(PropertiesUtils.java:21)
at com.utility.PropertiesUtils.readProperty(PropertiesUtils.java:21)
at com.utility.PropertiesUtils.readProperty(PropertiesUtils.java:21)
at com.utility.PropertiesUtils.readProperty(PropertiesUtils.java:21)
at com.utility.PropertiesUtils.readProperty(PropertiesUtils.java:21)
at com.utility.PropertiesUtils.readProperty(PropertiesUtils.java:21)
at com.utility.PropertiesUtils.readProperty(PropertiesUtils.java:21)
at com.utility.PropertiesUtils.readProperty(PropertiesUtils.java:21)
at com.utility.PropertiesUtils.readProperty(PropertiesUtils.java:21)
at com.utility.PropertiesUtils.readProperty(PropertiesUtils.java:21)
at com.utility.PropertiesUtils.readProperty(PropertiesUtils.java:21)
at com.utility.PropertiesUtils.readProperty(PropertiesUtils.java:21)
at com.utility.PropertiesUtils.readProperty(PropertiesUtils.java:21)
at com.utility.PropertiesUtils.readProperty(PropertiesUtils.java:21)
at com.utility.PropertiesUtils.readProperty(PropertiesUtils.java:21)
at com.utility.PropertiesUtils.readProperty(PropertiesUtils.java:21)
at com.utility.PropertiesUtils.readProperty(PropertiesUtils.java:21)
at com.utility.PropertiesUtils.readProperty(PropertiesUtils.java:21)
at com.utility.PropertiesUtils.readProperty(PropertiesUtils.java:21)
at com.utility.PropertiesUtils.readProperty(PropertiesUtils.java:21)
at com.utility.PropertiesUtils.readProperty(PropertiesUtils.java:21)
at com.utility.PropertiesUtils.readProperty(PropertiesUtils.java:21)
at com.utility.PropertiesUtils.readProperty(PropertiesUtils.java:21)
at com.utility.PropertiesUtils.readProperty(PropertiesUtils.java:21)
at com.utility.PropertiesUtils.readProperty(PropertiesUtils.java:21)
at com.utility.PropertiesUtils.readProperty(PropertiesUtils.java:21)
at com.utility.PropertiesUtils.readProperty(PropertiesUtils.java:21)
at com.utility.PropertiesUtils.readProperty(PropertiesUtils.java:21)
at com.utility.PropertiesUtils.readProperty(PropertiesUtils.java:21)
at com.utility.PropertiesUtils.readProperty(PropertiesUtils.java:21)
at com.utility.PropertiesUtils.readProperty(PropertiesUtils.java:21)
at com.utility.PropertiesUtils.readProperty(PropertiesUtils.java:21)
at com.utility.PropertiesUtils.readProperty(PropertiesUtils.java:21)
at com.utility.PropertiesUtils.readProperty(PropertiesUtils.java:21)
at com.utility.PropertiesUtils.readProperty(PropertiesUtils.java:21)
at com.utility.PropertiesUtils.readProperty(PropertiesUtils.java:21)
at com.utility.PropertiesUtils.readProperty(PropertiesUtils.java:21)
at com.utility.PropertiesUtils.readProperty(PropertiesUtils.java:21)
at com.utility.PropertiesUtils.readProperty(PropertiesUtils.java:21)
at com.utility.PropertiesUtils.readProperty(PropertiesUtils.java:21)
at com.utility.PropertiesUtils.readProperty(PropertiesUtils.java:21)
at com.utility.PropertiesUtils.readProperty(PropertiesUtils.java:21)
at com.utility.PropertiesUtils.readProperty(PropertiesUtils.java:21)
at com.utility.PropertiesUtils.readProperty(PropertiesUtils.java:21)
at com.utility.PropertiesUtils.readProperty(PropertiesUtils.java:21)
at com.utility.PropertiesUtils.readProperty(PropertiesUtils.java:21)
at com.utility.PropertiesUtils.readProperty(PropertiesUtils.java:21)
at com.utility.PropertiesUtils.readProperty(PropertiesUtils.java:21)
at com.utility.PropertiesUtils.readProperty(PropertiesUtils.java:21)
at com.utility.PropertiesUtils.readProperty(PropertiesUtils.java:21)
at com.utility.PropertiesUtils.readProperty(PropertiesUtils.java:21)
at com.utility.PropertiesUtils.readProperty(PropertiesUtils.java:21)
at com.utility.PropertiesUtils.readProperty(PropertiesUtils.java:21)
at com.utility.PropertiesUtils.readProperty(PropertiesUtils.java:21)
at com.utility.PropertiesUtils.readProperty(PropertiesUtils.java:21)
at com.utility.PropertiesUtils.readProperty(PropertiesUtils.java:21)
at com.utility.PropertiesUtils.readProperty(PropertiesUtils.java:21)
at com.utility.PropertiesUtils.readProperty(PropertiesUtils.java:21)
at com.utility.PropertiesUtils.readProperty(PropertiesUtils.java:21)
at com.utility.PropertiesUtils.readProperty(PropertiesUtils.java:21)
at com.utility.PropertiesUtils.readProperty(PropertiesUtils.java:21)
at com.utility.PropertiesUtils.readProperty(PropertiesUtils.java:21)
at com.utility.PropertiesUtils.readProperty(PropertiesUtils.java:21)
at com.utility.PropertiesUtils.readProperty(PropertiesUtils.java:21)
at com.utility.PropertiesUtils.readProperty(PropertiesUtils.java:21)
at com.utility.PropertiesUtils.readProperty(PropertiesUtils.java:21)
at com.utility.PropertiesUtils.readProperty(PropertiesUtils.java:21)
at com.utility.PropertiesUtils.readProperty(PropertiesUtils.java:21)
at com.utility.PropertiesUtils.readProperty(PropertiesUtils.java:21)
at com.utility.PropertiesUtils.readProperty(PropertiesUtils.java:21)
at com.utility.PropertiesUtils.readProperty(PropertiesUtils.java:21)
at com.utility.PropertiesUtils.readProperty(PropertiesUtils.java:21)
at com.utility.PropertiesUtils.readProperty(PropertiesUtils.java:21)
at com.utility.PropertiesUtils.readProperty(PropertiesUtils.java:21)
at com.utility.PropertiesUtils.readProperty(PropertiesUtils.java:21)
at com.utility.PropertiesUtils.readProperty(PropertiesUtils.java:21)
at com.utility.PropertiesUtils.readProperty(PropertiesUtils.java:21)
at com.utility.PropertiesUtils.readProperty(PropertiesUtils.java:21)
at com.utility.PropertiesUtils.readProperty(PropertiesUtils.java:21)
at com.utility.PropertiesUtils.readProperty(PropertiesUtils.java:21)
at com.utility.PropertiesUtils.readProperty(PropertiesUtils.java:21)
at com.utility.PropertiesUtils.readProperty(PropertiesUtils.java:21)
at com.utility.PropertiesUtils.readProperty(PropertiesUtils.java:21)
at com.utility.PropertiesUtils.readProperty(PropertiesUtils.java:21)
at com.utility.PropertiesUtils.readProperty(PropertiesUtils.java:21)
at com.utility.PropertiesUtils.readProperty(PropertiesUtils.java:21)
at com.utility.PropertiesUtils.readProperty(PropertiesUtils.java:21)
at com.utility.PropertiesUtils.readProperty(PropertiesUtils.java:21)
at com.utility.PropertiesUtils.readProperty(PropertiesUtils.java:21)
at com.utility.PropertiesUtils.readProperty(PropertiesUtils.java:21)
at com.utility.PropertiesUtils.readProperty(PropertiesUtils.java:21)
at com.utility.PropertiesUtils.readProperty(PropertiesUtils.java:21)
at com.utility.PropertiesUtils.readProperty(PropertiesUtils.java:21)
at com.utility.PropertiesUtils.readProperty(PropertiesUtils.java:21)
at com.utility.PropertiesUtils.readProperty(PropertiesUtils.java:21)
at com.utility.PropertiesUtils.readProperty(PropertiesUtils.java:21)
at com.utility.PropertiesUtils.readProperty(PropertiesUtils.java:21)
at com.utility.PropertiesUtils.readProperty(PropertiesUtils.java:21)
at com.utility.PropertiesUtils.readProperty(PropertiesUtils.java:21)
at com.utility.PropertiesUtils.readProperty(PropertiesUtils.java:21)
at com.utility.PropertiesUtils.readProperty(PropertiesUtils.java:21)
at com.utility.PropertiesUtils.readProperty(PropertiesUtils.java:21)
at com.utility.PropertiesUtils.readProperty(PropertiesUtils.java:21)
at com.utility.PropertiesUtils.readProperty(PropertiesUtils.java:21)
at com.utility.PropertiesUtils.readProperty(PropertiesUtils.java:21)
at com.utility.PropertiesUtils.readProperty(PropertiesUtils.java:21)
at com.utility.PropertiesUtils.readProperty(PropertiesUtils.java:21)
at com.utility.PropertiesUtils.readProperty(PropertiesUtils.java:21)
at com.utility.PropertiesUtils.readProperty(PropertiesUtils.java:21)
at com.utility.PropertiesUtils.readProperty(PropertiesUtils.java:21)
at com.utility.PropertiesUtils.readProperty(PropertiesUtils.java:21)
at com.utility.PropertiesUtils.readProperty(PropertiesUtils.java:21)
at com.utility.PropertiesUtils.readProperty(PropertiesUtils.java:21)
at com.utility.PropertiesUtils.readProperty(PropertiesUtils.java:21)
at com.utility.PropertiesUtils.readProperty(PropertiesUtils.java:21)
at com.utility.PropertiesUtils.readProperty(PropertiesUtils.java:21)
at com.utility.PropertiesUtils.readProperty(PropertiesUtils.java:21)
at com.utility.PropertiesUtils.readProperty(PropertiesUtils.java:21)
at com.utility.PropertiesUtils.readProperty(PropertiesUtils.java:21)
at com.utility.PropertiesUtils.readProperty(PropertiesUtils.java:21)
at com.utility.PropertiesUtils.readProperty(PropertiesUtils.java:21)
at com.utility.PropertiesUtils.readProperty(PropertiesUtils.java:21)
at com.utility.PropertiesUtils.readProperty(PropertiesUtils.java:21)
at com.utility.PropertiesUtils.readProperty(PropertiesUtils.java:21)
at com.utility.PropertiesUtils.readProperty(PropertiesUtils.java:21)
at com.utility.PropertiesUtils.readProperty(PropertiesUtils.java:21)
at com.utility.PropertiesUtils.readProperty(PropertiesUtils.java:21)
at com.utility.PropertiesUtils.readProperty(PropertiesUtils.java:21)
at com.utility.PropertiesUtils.readProperty(PropertiesUtils.java:21)
at com.utility.PropertiesUtils.readProperty(PropertiesUtils.java:21)
at com.utility.PropertiesUtils.readProperty(PropertiesUtils.java:21)
at com.utility.PropertiesUtils.readProperty(PropertiesUtils.java:21)
at com.utility.PropertiesUtils.readProperty(PropertiesUtils.java:21)
at com.utility.PropertiesUtils.readProperty(PropertiesUtils.java:21)
at com.utility.PropertiesUtils.readProperty(PropertiesUtils.java:21)
at com.utility.PropertiesUtils.readProperty(PropertiesUtils.java:21)
at com.utility.PropertiesUtils.readProperty(PropertiesUtils.java:21)
at com.utility.PropertiesUtils.readProperty(PropertiesUtils.java:21)
at com.utility.PropertiesUtils.readProperty(PropertiesUtils.java:21)
at com.utility.PropertiesUtils.readProperty(PropertiesUtils.java:21)
at com.utility.PropertiesUtils.readProperty(PropertiesUtils.java:21)
at com.utility.PropertiesUtils.readProperty(PropertiesUtils.java:21)
at com.utility.PropertiesUtils.readProperty(PropertiesUtils.java:21)
at com.utility.PropertiesUtils.readProperty(PropertiesUtils.java:21)
at com.utility.PropertiesUtils.readProperty(PropertiesUtils.java:21)
at com.utility.PropertiesUtils.readProperty(PropertiesUtils.java:21)
at com.utility.PropertiesUtils.readProperty(PropertiesUtils.java:21)
at com.utility.PropertiesUtils.readProperty(PropertiesUtils.java:21)
at com.utility.PropertiesUtils.readProperty(PropertiesUtils.java:21)
at com.utility.PropertiesUtils.readProperty(PropertiesUtils.java:21)
at com.utility.PropertiesUtils.readProperty(PropertiesUtils.java:21)
at com.utility.PropertiesUtils.readProperty(PropertiesUtils.java:21)
at com.utility.PropertiesUtils.readProperty(PropertiesUtils.java:21)
at com.utility.PropertiesUtils.readProperty(PropertiesUtils.java:21)
at com.utility.PropertiesUtils.readProperty(PropertiesUtils.java:21)
at com.utility.PropertiesUtils.readProperty(PropertiesUtils.java:21)
at com.utility.PropertiesUtils.readProperty(PropertiesUtils.java:21)
at com.utility.PropertiesUtils.readProperty(PropertiesUtils.java:21)
at com.utility.PropertiesUtils.readProperty(PropertiesUtils.java:21)
at com.utility.PropertiesUtils.readProperty(PropertiesUtils.java:21)
at com.utility.PropertiesUtils.readProperty(PropertiesUtils.java:21)
at com.utility.PropertiesUtils.readProperty(PropertiesUtils.java:21)
at com.utility.PropertiesUtils.readProperty(PropertiesUtils.java:21)
at com.utility.PropertiesUtils.readProperty(PropertiesUtils.java:21)
at com.utility.PropertiesUtils.readProperty(PropertiesUtils.java:21)
at com.utility.PropertiesUtils.readProperty(PropertiesUtils.java:21)
at com.utility.PropertiesUtils.readProperty(PropertiesUtils.java:21)
at com.utility.PropertiesUtils.readProperty(PropertiesUtils.java:21)
at com.utility.PropertiesUtils.readProperty(PropertiesUtils.java:21)
at com.utility.PropertiesUtils.readProperty(PropertiesUtils.java:21)
at com.utility.PropertiesUtils.readProperty(PropertiesUtils.java:21)
at com.utility.PropertiesUtils.readProperty(PropertiesUtils.java:21)
at com.utility.PropertiesUtils.readProperty(PropertiesUtils.java:21)
at com.utility.PropertiesUtils.readProperty(PropertiesUtils.java:21)
at com.utility.PropertiesUtils.readProperty(PropertiesUtils.java:21)
at com.utility.PropertiesUtils.readProperty(PropertiesUtils.java:21)
at com.utility.PropertiesUtils.readProperty(PropertiesUtils.java:21)
at com.utility.PropertiesUtils.readProperty(PropertiesUtils.java:21)
at com.utility.PropertiesUtils.readProperty(PropertiesUtils.java:21)
at com.utility.PropertiesUtils.readProperty(PropertiesUtils.java:21)
at com.utility.PropertiesUtils.readProperty(PropertiesUtils.java:21)
at com.utility.PropertiesUtils.readProperty(PropertiesUtils.java:21)
at com.utility.PropertiesUtils.readProperty(PropertiesUtils.java:21)
at com.utility.PropertiesUtils.readProperty(PropertiesUtils.java:21)
at com.utility.PropertiesUtils.readProperty(PropertiesUtils.java:21)
at com.utility.PropertiesUtils.readProperty(PropertiesUtils.java:21)
at com.utility.PropertiesUtils.readProperty(PropertiesUtils.java:21)
at com.utility.PropertiesUtils.readProperty(PropertiesUtils.java:21)
at com.utility.PropertiesUtils.readProperty(PropertiesUtils.java:21)
at com.utility.PropertiesUtils.readProperty(PropertiesUtils.java:21)
at com.utility.PropertiesUtils.readProperty(PropertiesUtils.java:21)
at com.utility.PropertiesUtils.readProperty(PropertiesUtils.java:21)
at com.utility.PropertiesUtils.readProperty(PropertiesUtils.java:21)
at com.utility.PropertiesUtils.readProperty(PropertiesUtils.java:21)
at com.utility.PropertiesUtils.readProperty(PropertiesUtils.java:21)
at com.utility.PropertiesUtils.readProperty(PropertiesUtils.java:21)
at com.utility.PropertiesUtils.readProperty(PropertiesUtils.java:21)
at com.utility.PropertiesUtils.readProperty(PropertiesUtils.java:21)
at com.utility.PropertiesUtils.readProperty(PropertiesUtils.java:21)
at com.utility.PropertiesUtils.readProperty(PropertiesUtils.java:21)
at com.utility.PropertiesUtils.readProperty(PropertiesUtils.java:21)
at com.utility.PropertiesUtils.readProperty(PropertiesUtils.java:21)
at com.utility.PropertiesUtils.readProperty(PropertiesUtils.java:21)
at com.utility.PropertiesUtils.readProperty(PropertiesUtils.java:21)
at com.utility.PropertiesUtils.readProperty(PropertiesUtils.java:21)
at com.utility.PropertiesUtils.readProperty(PropertiesUtils.java:21)
at com.utility.PropertiesUtils.readProperty(PropertiesUtils.java:21)
at com.utility.PropertiesUtils.readProperty(PropertiesUtils.java:21)
at com.utility.PropertiesUtils.readProperty(PropertiesUtils.java:21)
at com.utility.PropertiesUtils.readProperty(PropertiesUtils.java:21)
at com.utility.PropertiesUtils.readProperty(PropertiesUtils.java:21)
at com.utility.PropertiesUtils.readProperty(PropertiesUtils.java:21)
at com.utility.PropertiesUtils.readProperty(PropertiesUtils.java:21)
at com.utility.PropertiesUtils.readProperty(PropertiesUtils.java:21)
at com.utility.PropertiesUtils.readProperty(PropertiesUtils.java:21)
at com.utility.PropertiesUtils.readProperty(PropertiesUtils.java:21)
at com.utility.PropertiesUtils.readProperty(PropertiesUtils.java:21)
at com.utility.PropertiesUtils.readProperty(PropertiesUtils.java:21)
at com.utility.PropertiesUtils.readProperty(PropertiesUtils.java:21)
at com.utility.PropertiesUtils.readProperty(PropertiesUtils.java:21)
at com.utility.PropertiesUtils.readProperty(PropertiesUtils.java:21)
at com.utility.PropertiesUtils.readProperty(PropertiesUtils.java:21)
at com.utility.PropertiesUtils.readProperty(PropertiesUtils.java:21)
at com.utility.PropertiesUtils.readProperty(PropertiesUtils.java:21)
at com.utility.PropertiesUtils.readProperty(PropertiesUtils.java:21)
at com.utility.PropertiesUtils.readProperty(PropertiesUtils.java:21)
at com.utility.PropertiesUtils.readProperty(PropertiesUtils.java:21)
at com.utility.PropertiesUtils.readProperty(PropertiesUtils.java:21)
at com.utility.PropertiesUtils.readProperty(PropertiesUtils.java:21)
at com.utility.PropertiesUtils.readProperty(PropertiesUtils.java:21)
at com.utility.PropertiesUtils.readProperty(PropertiesUtils.java:21)
at com.utility.PropertiesUtils.readProperty(PropertiesUtils.java:21)
at com.utility.PropertiesUtils.readProperty(PropertiesUtils.java:21)
at com.utility.PropertiesUtils.readProperty(PropertiesUtils.java:21)
at com.utility.PropertiesUtils.readProperty(PropertiesUtils.java:21)
at com.utility.PropertiesUtils.readProperty(PropertiesUtils.java:21)
at com.utility.PropertiesUtils.readProperty(PropertiesUtils.java:21)
at com.utility.PropertiesUtils.readProperty(PropertiesUtils.java:21)
at com.utility.PropertiesUtils.readProperty(PropertiesUtils.java:21)
at com.utility.PropertiesUtils.readProperty(PropertiesUtils.java:21)
at com.utility.PropertiesUtils.readProperty(PropertiesUtils.java:21)
at com.utility.PropertiesUtils.readProperty(PropertiesUtils.java:21)
at com.utility.PropertiesUtils.readProperty(PropertiesUtils.java:21)
at com.utility.PropertiesUtils.readProperty(PropertiesUtils.java:21)
at com.utility.PropertiesUtils.readProperty(PropertiesUtils.java:21)
at com.utility.PropertiesUtils.readProperty(PropertiesUtils.java:21)
at com.utility.PropertiesUtils.readProperty(PropertiesUtils.java:21)
at com.utility.PropertiesUtils.readProperty(PropertiesUtils.java:21)
at com.utility.PropertiesUtils.readProperty(PropertiesUtils.java:21)
at com.utility.PropertiesUtils.readProperty(PropertiesUtils.java:21)
at com.utility.PropertiesUtils.readProperty(PropertiesUtils.java:21)
at com.utility.PropertiesUtils.readProperty(PropertiesUtils.java:21)
at com.utility.PropertiesUtils.readProperty(PropertiesUtils.java:21)
at com.utility.PropertiesUtils.readProperty(PropertiesUtils.java:21)
at com.utility.PropertiesUtils.readProperty(PropertiesUtils.java:21)
at com.utility.PropertiesUtils.readProperty(PropertiesUtils.java:21)
at com.utility.PropertiesUtils.readProperty(PropertiesUtils.java:21)
at com.utility.PropertiesUtils.readProperty(PropertiesUtils.java:21)
at com.utility.PropertiesUtils.readProperty(PropertiesUtils.java:21)
at com.utility.PropertiesUtils.readProperty(PropertiesUtils.java:21)
at com.utility.PropertiesUtils.readProperty(PropertiesUtils.java:21)
at com.utility.PropertiesUtils.readProperty(PropertiesUtils.java:21)
at com.utility.PropertiesUtils.readProperty(PropertiesUtils.java:21)
at com.utility.PropertiesUtils.readProperty(PropertiesUtils.java:21)
at com.utility.PropertiesUtils.readProperty(PropertiesUtils.java:21)
at com.utility.PropertiesUtils.readProperty(PropertiesUtils.java:21)
at com.utility.PropertiesUtils.readProperty(PropertiesUtils.java:21)
at com.utility.PropertiesUtils.readProperty(PropertiesUtils.java:21)
at com.utility.PropertiesUtils.readProperty(PropertiesUtils.java:21)
at com.utility.PropertiesUtils.readProperty(PropertiesUtils.java:21)
at com.utility.PropertiesUtils.readProperty(PropertiesUtils.java:21)
at com.utility.PropertiesUtils.readProperty(PropertiesUtils.java:21)
at com.utility.PropertiesUtils.readProperty(PropertiesUtils.java:21)
at com.utility.PropertiesUtils.readProperty(PropertiesUtils.java:21)
at com.utility.PropertiesUtils.readProperty(PropertiesUtils.java:21)
at com.utility.PropertiesUtils.readProperty(PropertiesUtils.java:21)
at com.utility.PropertiesUtils.readProperty(PropertiesUtils.java:21)
at com.utility.PropertiesUtils.readProperty(PropertiesUtils.java:21)
at com.utility.PropertiesUtils.readProperty(PropertiesUtils.java:21)
at com.utility.PropertiesUtils.readProperty(PropertiesUtils.java:21)
at com.utility.PropertiesUtils.readProperty(PropertiesUtils.java:21)
at com.utility.PropertiesUtils.readProperty(PropertiesUtils.java:21)
at com.utility.PropertiesUtils.readProperty(PropertiesUtils.java:21)
at com.utility.PropertiesUtils.readProperty(PropertiesUtils.java:21)
at com.utility.PropertiesUtils.readProperty(PropertiesUtils.java:21)
at com.utility.PropertiesUtils.readProperty(PropertiesUtils.java:21)
at com.utility.PropertiesUtils.readProperty(PropertiesUtils.java:21)
at com.utility.PropertiesUtils.readProperty(PropertiesUtils.java:21)
at com.utility.PropertiesUtils.readProperty(PropertiesUtils.java:21)
at com.utility.PropertiesUtils.readProperty(PropertiesUtils.java:21)
at com.utility.PropertiesUtils.readProperty(PropertiesUtils.java:21)
at com.utility.PropertiesUtils.readProperty(PropertiesUtils.java:21)
at com.utility.PropertiesUtils.readProperty(PropertiesUtils.java:21)
at com.utility.PropertiesUtils.readProperty(PropertiesUtils.java:21)
at com.utility.PropertiesUtils.readProperty(PropertiesUtils.java:21)
at com.utility.PropertiesUtils.readProperty(PropertiesUtils.java:21)
at com.utility.PropertiesUtils.readProperty(PropertiesUtils.java:21)
at com.utility.PropertiesUtils.readProperty(PropertiesUtils.java:21)
at com.utility.PropertiesUtils.readProperty(PropertiesUtils.java:21)
at com.utility.PropertiesUtils.readProperty(PropertiesUtils.java:21)
at com.utility.PropertiesUtils.readProperty(PropertiesUtils.java:21)
at com.utility.PropertiesUtils.readProperty(PropertiesUtils.java:21)
at com.utility.PropertiesUtils.readProperty(PropertiesUtils.java:21)
at com.utility.PropertiesUtils.readProperty(PropertiesUtils.java:21)
at com.utility.PropertiesUtils.readProperty(PropertiesUtils.java:21)
at com.utility.PropertiesUtils.readProperty(PropertiesUtils.java:21)
at com.utility.PropertiesUtils.readProperty(PropertiesUtils.java:21)
at com.utility.PropertiesUtils.readProperty(PropertiesUtils.java:21)
at com.utility.PropertiesUtils.readProperty(PropertiesUtils.java:21)
at com.utility.PropertiesUtils.readProperty(PropertiesUtils.java:21)
at com.utility.PropertiesUtils.readProperty(PropertiesUtils.java:21)
at com.utility.PropertiesUtils.readProperty(PropertiesUtils.java:21)
at com.utility.PropertiesUtils.readProperty(PropertiesUtils.java:21)
at com.utility.PropertiesUtils.readProperty(PropertiesUtils.java:21)
at com.utility.PropertiesUtils.readProperty(PropertiesUtils.java:21)
at com.utility.PropertiesUtils.readProperty(PropertiesUtils.java:21)
at com.utility.PropertiesUtils.readProperty(PropertiesUtils.java:21)
at com.utility.PropertiesUtils.readProperty(PropertiesUtils.java:21)
at com.utility.PropertiesUtils.readProperty(PropertiesUtils.java:21)
at com.utility.PropertiesUtils.readProperty(PropertiesUtils.java:21)
at com.utility.PropertiesUtils.readProperty(PropertiesUtils.java:21)
at com.utility.PropertiesUtils.readProperty(PropertiesUtils.java:21)
at com.utility.PropertiesUtils.readProperty(PropertiesUtils.java:21)
at com.utility.PropertiesUtils.readProperty(PropertiesUtils.java:21)
at com.utility.PropertiesUtils.readProperty(PropertiesUtils.java:21)
at com.utility.PropertiesUtils.readProperty(PropertiesUtils.java:21)
at com.utility.PropertiesUtils.readProperty(PropertiesUtils.java:21)
at com.utility.PropertiesUtils.readProperty(PropertiesUtils.java:21)
at com.utility.PropertiesUtils.readProperty(PropertiesUtils.java:21)
at com.utility.PropertiesUtils.readProperty(PropertiesUtils.java:21)
at com.utility.PropertiesUtils.readProperty(PropertiesUtils.java:21)
at com.utility.PropertiesUtils.readProperty(PropertiesUtils.java:21)
at com.utility.PropertiesUtils.readProperty(PropertiesUtils.java:21)
at com.utility.PropertiesUtils.readProperty(PropertiesUtils.java:21)
at com.utility.PropertiesUtils.readProperty(PropertiesUtils.java:21)
at com.utility.PropertiesUtils.readProperty(PropertiesUtils.java:21)
at com.utility.PropertiesUtils.readProperty(PropertiesUtils.java:21)
at com.utility.PropertiesUtils.readProperty(PropertiesUtils.java:21)
at com.utility.PropertiesUtils.readProperty(PropertiesUtils.java:21)
at com.utility.PropertiesUtils.readProperty(PropertiesUtils.java:21)
at com.utility.PropertiesUtils.readProperty(PropertiesUtils.java:21)
at com.utility.PropertiesUtils.readProperty(PropertiesUtils.java:21)
at com.utility.PropertiesUtils.readProperty(PropertiesUtils.java:21)
at com.utility.PropertiesUtils.readProperty(PropertiesUtils.java:21)
at com.utility.PropertiesUtils.readProperty(PropertiesUtils.java:21)
at com.utility.PropertiesUtils.readProperty(PropertiesUtils.java:21)
at com.utility.PropertiesUtils.readProperty(PropertiesUtils.java:21)
at com.utility.PropertiesUtils.readProperty(PropertiesUtils.java:21)
at com.utility.PropertiesUtils.readProperty(PropertiesUtils.java:21)
at com.utility.PropertiesUtils.readProperty(PropertiesUtils.java:21)
at com.utility.PropertiesUtils.readProperty(PropertiesUtils.java:21)
at com.utility.PropertiesUtils.readProperty(PropertiesUtils.java:21)
at com.utility.PropertiesUtils.readProperty(PropertiesUtils.java:21)
at com.utility.PropertiesUtils.readProperty(PropertiesUtils.java:21)
at com.utility.PropertiesUtils.readProperty(PropertiesUtils.java:21)
at com.utility.PropertiesUtils.readProperty(PropertiesUtils.java:21)
at com.utility.PropertiesUtils.readProperty(PropertiesUtils.java:21)
at com.utility.PropertiesUtils.readProperty(PropertiesUtils.java:21)
at com.utility.PropertiesUtils.readProperty(PropertiesUtils.java:21)
at com.utility.PropertiesUtils.readProperty(PropertiesUtils.java:21)
at com.utility.PropertiesUtils.readProperty(PropertiesUtils.java:21)
at com.utility.PropertiesUtils.readProperty(PropertiesUtils.java:21)
at com.utility.PropertiesUtils.readProperty(PropertiesUtils.java:21)
at com.utility.PropertiesUtils.readProperty(PropertiesUtils.java:21)
at com.utility.PropertiesUtils.readProperty(PropertiesUtils.java:21)
at com.utility.PropertiesUtils.readProperty(PropertiesUtils.java:21)
at com.utility.PropertiesUtils.readProperty(PropertiesUtils.java:21)
at com.utility.PropertiesUtils.readProperty(PropertiesUtils.java:21)
at com.utility.PropertiesUtils.readProperty(PropertiesUtils.java:21)
at com.utility.PropertiesUtils.readProperty(PropertiesUtils.java:21)
at com.utility.PropertiesUtils.readProperty(PropertiesUtils.java:21)
at com.utility.PropertiesUtils.readProperty(PropertiesUtils.java:21)
at com.utility.PropertiesUtils.readProperty(PropertiesUtils.java:21)
at com.utility.PropertiesUtils.readProperty(PropertiesUtils.java:21)
at com.utility.PropertiesUtils.readProperty(PropertiesUtils.java:21)
at com.utility.PropertiesUtils.readProperty(PropertiesUtils.java:21)
at com.utility.PropertiesUtils.readProperty(PropertiesUtils.java:21)
at com.utility.PropertiesUtils.readProperty(PropertiesUtils.java:21)
at com.utility.PropertiesUtils.readProperty(PropertiesUtils.java:21)
at com.utility.PropertiesUtils.readProperty(PropertiesUtils.java:21)
at com.utility.PropertiesUtils.readProperty(PropertiesUtils.java:21)
at com.utility.PropertiesUtils.readProperty(PropertiesUtils.java:21)
at com.utility.PropertiesUtils.readProperty(PropertiesUtils.java:21)
at com.utility.PropertiesUtils.readProperty(PropertiesUtils.java:21)
at com.utility.PropertiesUtils.readProperty(PropertiesUtils.java:21)
at com.utility.PropertiesUtils.readProperty(PropertiesUtils.java:21)
at com.utility.PropertiesUtils.readProperty(PropertiesUtils.java:21)
at com.utility.PropertiesUtils.readProperty(PropertiesUtils.java:21)
at com.utility.PropertiesUtils.readProperty(PropertiesUtils.java:21)
at com.utility.PropertiesUtils.readProperty(PropertiesUtils.java:21)
at com.utility.PropertiesUtils.readProperty(PropertiesUtils.java:21)
at com.utility.PropertiesUtils.readProperty(PropertiesUtils.java:21)
at com.utility.PropertiesUtils.readProperty(PropertiesUtils.java:21)
at com.utility.PropertiesUtils.readProperty(PropertiesUtils.java:21)
at com.utility.PropertiesUtils.readProperty(PropertiesUtils.java:21)
at com.utility.PropertiesUtils.readProperty(PropertiesUtils.java:21)
at com.utility.PropertiesUtils.readProperty(PropertiesUtils.java:21)
at com.utility.PropertiesUtils.readProperty(PropertiesUtils.java:21)
at com.utility.PropertiesUtils.readProperty(PropertiesUtils.java:21)
at com.utility.PropertiesUtils.readProperty(PropertiesUtils.java:21)
at com.utility.PropertiesUtils.readProperty(PropertiesUtils.java:21)
at com.utility.PropertiesUtils.readProperty(PropertiesUtils.java:21)
at com.utility.PropertiesUtils.readProperty(PropertiesUtils.java:21)
at com.utility.PropertiesUtils.readProperty(PropertiesUtils.java:21)
at com.utility.PropertiesUtils.readProperty(PropertiesUtils.java:21)
at com.utility.PropertiesUtils.readProperty(PropertiesUtils.java:21)
at com.utility.PropertiesUtils.readProperty(PropertiesUtils.java:21)
at com.utility.PropertiesUtils.readProperty(PropertiesUtils.java:21)
at com.utility.PropertiesUtils.readProperty(PropertiesUtils.java:21)
at com.utility.PropertiesUtils.readProperty(PropertiesUtils.java:21)
at com.utility.PropertiesUtils.readProperty(PropertiesUtils.java:21)
at com.utility.PropertiesUtils.readProperty(PropertiesUtils.java:21)
at com.utility.PropertiesUtils.readProperty(PropertiesUtils.java:21)
at com.utility.PropertiesUtils.readProperty(PropertiesUtils.java:21)
at com.utility.PropertiesUtils.readProperty(PropertiesUtils.java:21)
at com.utility.PropertiesUtils.readProperty(PropertiesUtils.java:21)
at com.utility.PropertiesUtils.readProperty(PropertiesUtils.java:21)
at com.utility.PropertiesUtils.readProperty(PropertiesUtils.java:21)
at com.utility.PropertiesUtils.readProperty(PropertiesUtils.java:21)
at com.utility.PropertiesUtils.readProperty(PropertiesUtils.java:21)
at com.utility.PropertiesUtils.readProperty(PropertiesUtils.java:21)
at com.utility.PropertiesUtils.readProperty(PropertiesUtils.java:21)
at com.utility.PropertiesUtils.readProperty(PropertiesUtils.java:21)
at com.utility.PropertiesUtils.readProperty(PropertiesUtils.java:21)
at com.utility.PropertiesUtils.readProperty(PropertiesUtils.java:21)
at com.utility.PropertiesUtils.readProperty(PropertiesUtils.java:21)
at com.utility.PropertiesUtils.readProperty(PropertiesUtils.java:21)
at com.utility.PropertiesUtils.readProperty(PropertiesUtils.java:21)
at com.utility.PropertiesUtils.readProperty(PropertiesUtils.java:21)
at com.utility.PropertiesUtils.readProperty(PropertiesUtils.java:21)
at com.utility.PropertiesUtils.readProperty(PropertiesUtils.java:21)
at com.utility.PropertiesUtils.readProperty(PropertiesUtils.java:21)
at com.utility.PropertiesUtils.readProperty(PropertiesUtils.java:21)
at com.utility.PropertiesUtils.readProperty(PropertiesUtils.java:21)
at com.utility.PropertiesUtils.readProperty(PropertiesUtils.java:21)
at com.utility.PropertiesUtils.readProperty(PropertiesUtils.java:21)
at com.utility.PropertiesUtils.readProperty(PropertiesUtils.java:21)
at com.utility.PropertiesUtils.readProperty(PropertiesUtils.java:21)
at com.utility.PropertiesUtils.readProperty(PropertiesUtils.java:21)
at com.utility.PropertiesUtils.readProperty(PropertiesUtils.java:21)
at com.utility.PropertiesUtils.readProperty(PropertiesUtils.java:21)
at com.utility.PropertiesUtils.readProperty(PropertiesUtils.java:21)
at com.utility.PropertiesUtils.readProperty(PropertiesUtils.java:21)
at com.utility.PropertiesUtils.readProperty(PropertiesUtils.java:21)
at com.utility.PropertiesUtils.readProperty(PropertiesUtils.java:21)
at com.utility.PropertiesUtils.readProperty(PropertiesUtils.java:21)
at com.utility.PropertiesUtils.readProperty(PropertiesUtils.java:21)
at com.utility.PropertiesUtils.readProperty(PropertiesUtils.java:21)
at com.utility.PropertiesUtils.readProperty(PropertiesUtils.java:21)
at com.utility.PropertiesUtils.readProperty(PropertiesUtils.java:21)
at com.utility.PropertiesUtils.readProperty(PropertiesUtils.java:21)
at com.utility.PropertiesUtils.readProperty(PropertiesUtils.java:21)
at com.utility.PropertiesUtils.readProperty(PropertiesUtils.java:21)
at com.utility.PropertiesUtils.readProperty(PropertiesUtils.java:21)
at com.utility.PropertiesUtils.readProperty(PropertiesUtils.java:21)
at com.utility.PropertiesUtils.readProperty(PropertiesUtils.java:21)
at com.utility.PropertiesUtils.readProperty(PropertiesUtils.java:21)
at com.utility.PropertiesUtils.readProperty(PropertiesUtils.java:21)
at com.utility.PropertiesUtils.readProperty(PropertiesUtils.java:21)
at com.utility.PropertiesUtils.readProperty(PropertiesUtils.java:21)
at com.utility.PropertiesUtils.readProperty(PropertiesUtils.java:21)
at com.utility.PropertiesUtils.readProperty(PropertiesUtils.java:21)
at com.utility.PropertiesUtils.readProperty(PropertiesUtils.java:21)
at com.utility.PropertiesUtils.readProperty(PropertiesUtils.java:21)
at com.utility.PropertiesUtils.readProperty(PropertiesUtils.java:21)
at com.utility.PropertiesUtils.readProperty(PropertiesUtils.java:21)
at com.utility.PropertiesUtils.readProperty(PropertiesUtils.java:21)
at com.utility.PropertiesUtils.readProperty(PropertiesUtils.java:21)
at com.utility.PropertiesUtils.readProperty(PropertiesUtils.java:21)
at com.utility.PropertiesUtils.readProperty(PropertiesUtils.java:21)
at com.utility.PropertiesUtils.readProperty(PropertiesUtils.java:21)
at com.utility.PropertiesUtils.readProperty(PropertiesUtils.java:21)
at com.utility.PropertiesUtils.readProperty(PropertiesUtils.java:21)
at com.utility.PropertiesUtils.readProperty(PropertiesUtils.java:21)
at com.utility.PropertiesUtils.readProperty(PropertiesUtils.java:21)
at com.utility.PropertiesUtils.readProperty(PropertiesUtils.java:21)
at com.utility.PropertiesUtils.readProperty(PropertiesUtils.java:21)
at com.utility.PropertiesUtils.readProperty(PropertiesUtils.java:21)
at com.utility.PropertiesUtils.readProperty(PropertiesUtils.java:21)
at com.utility.PropertiesUtils.readProperty(PropertiesUtils.java:21)
at com.utility.PropertiesUtils.readProperty(PropertiesUtils.java:21)
at com.utility.PropertiesUtils.readProperty(PropertiesUtils.java:21)
at com.utility.PropertiesUtils.readProperty(PropertiesUtils.java:21)
at com.utility.PropertiesUtils.readProperty(PropertiesUtils.java:21)
at com.utility.PropertiesUtils.readProperty(PropertiesUtils.java:21)
at com.utility.PropertiesUtils.readProperty(PropertiesUtils.java:21)
at com.utility.PropertiesUtils.readProperty(PropertiesUtils.java:21)
at com.utility.PropertiesUtils.readProperty(PropertiesUtils.java:21)
at com.utility.PropertiesUtils.readProperty(PropertiesUtils.java:21)
at com.utility.PropertiesUtils.readProperty(PropertiesUtils.java:21)
at com.utility.PropertiesUtils.readProperty(PropertiesUtils.java:21)
at com.utility.PropertiesUtils.readProperty(PropertiesUtils.java:21)
at com.utility.PropertiesUtils.readProperty(PropertiesUtils.java:21)
at com.utility.PropertiesUtils.readProperty(PropertiesUtils.java:21)
at com.utility.PropertiesUtils.readProperty(PropertiesUtils.java:21)
at com.utility.PropertiesUtils.readProperty(PropertiesUtils.java:21)
at com.utility.PropertiesUtils.readProperty(PropertiesUtils.java:21)
at com.utility.PropertiesUtils.readProperty(PropertiesUtils.java:21)
]]>
    </error>
  </testcase> <!-- test01 -->
</testsuite> <!-- com.utility.PropertiesUtils -->
