<?xml version="1.0" encoding="UTF-8"?>
<!-- Generated by org.testng.reporters.JUnitReportReporter -->
<testsuite skipped="0" hostname="LAPTOP-L8TRNUCI" name="com.tests.loginTest" tests="3" failures="0" timestamp="13 Dec 2021 17:18:40 GMT" time="0.113" errors="0">
  <testcase name="logInLogo" time="0.062" classname="com.tests.loginTest"/>
  <testcase name="logInTitle" time="0.016" classname="com.tests.loginTest"/>
  <testcase name="logInLable" time="0.035" classname="com.tests.loginTest"/>
</testsuite> <!-- com.tests.loginTest -->
